#
# There is insufficient memory for the Java Runtime Environment to continue.
# Native memory allocation (malloc) failed to allocate 268496 bytes for Chunk::new
# Possible reasons:
#   The system is out of physical RAM or swap space
#   The process is running with CompressedOops enabled, and the Java Heap may be blocking the growth of the native heap
# Possible solutions:
#   Reduce memory load on the system
#   Increase physical memory or swap space
#   Check if swap backing store is full
#   Decrease Java heap size (-Xmx/-Xms)
#   Decrease number of Java threads
#   Decrease Java thread stack sizes (-Xss)
#   Set larger code cache with -XX:ReservedCodeCacheSize=
#   JVM is running with Unscaled Compressed Oops mode in which the Java heap is
#     placed in the first 4GB address space. The Java Heap base address is the
#     maximum limit for the native heap growth. Please use -XX:HeapBaseMinAddress
#     to set the Java Heap base and to place the Java Heap above 4GB virtual address.
# This output file may be truncated or incomplete.
#
#  Out of Memory Error (allocation.cpp:389), pid=16848, tid=0x0000000000001eec
#
# JRE version: Java(TM) SE Runtime Environment (8.0_291-b10) (build 1.8.0_291-b10)
# Java VM: Java HotSpot(TM) 64-Bit Server VM (25.291-b10 mixed mode windows-amd64 compressed oops)
# Failed to write core dump. Minidumps are not enabled by default on client versions of Windows
#

---------------  T H R E A D  ---------------

Current thread (0x000001f9a27ad000):  JavaThread "C2 CompilerThread1" daemon [_thread_in_native, id=7916, stack(0x0000002ef7700000,0x0000002ef7800000)]

Stack: [0x0000002ef7700000,0x0000002ef7800000]
Native frames: (J=compiled Java code, j=interpreted, Vv=VM code, C=native code)
V  [jvm.dll+0x32ea19]


Current CompileTask:
C2:  31629 2788       4       java.util.regex.Pattern$Curly::match (86 bytes)


---------------  P R O C E S S  ---------------

Java Threads: ( => current thread )
  0x000001f9a48d7000 JavaThread "Okio Watchdog" daemon [_thread_blocked, id=17896, stack(0x0000002ef8400000,0x0000002ef8500000)]
  0x000001f9a6021800 JavaThread "OkHttp ConnectionPool" daemon [_thread_blocked, id=17372, stack(0x0000002ef8300000,0x0000002ef8400000)]
  0x000001f9a5fdd000 JavaThread "ForkJoinPool.commonPool-worker-2" daemon [_thread_blocked, id=15784, stack(0x0000002ef8000000,0x0000002ef8100000)]
  0x000001f9a572d000 JavaThread "ForkJoinPool.commonPool-worker-1" daemon [_thread_blocked, id=17136, stack(0x0000002ef7c00000,0x0000002ef7d00000)]
  0x000001f9a4789000 JavaThread "Forwarding clickElement on session 069fac8b-1cdd-4a6e-a050-8bc3b195dd10 to remote" [_thread_in_native, id=14340, stack(0x0000002ef7f00000,0x0000002ef8000000)]
  0x000001f9a6f36000 JavaThread "grpc-nio-worker-ELG-3-1" daemon [_thread_in_native, id=12088, stack(0x0000002ef7e00000,0x0000002ef7f00000)]
  0x000001f9a623f800 JavaThread "grpc-nio-boss-ELG-1-1" daemon [_thread_in_native, id=2956, stack(0x0000002ef7d00000,0x0000002ef7e00000)]
  0x000001f9a46f8800 JavaThread "Service Thread" daemon [_thread_blocked, id=15420, stack(0x0000002ef7a00000,0x0000002ef7b00000)]
  0x000001f9a27b6800 JavaThread "C1 CompilerThread3" daemon [_thread_blocked, id=5180, stack(0x0000002ef7900000,0x0000002ef7a00000)]
  0x000001f9a27af000 JavaThread "C2 CompilerThread2" daemon [_thread_blocked, id=7136, stack(0x0000002ef7800000,0x0000002ef7900000)]
=>0x000001f9a27ad000 JavaThread "C2 CompilerThread1" daemon [_thread_in_native, id=7916, stack(0x0000002ef7700000,0x0000002ef7800000)]
  0x000001f9a27a7800 JavaThread "C2 CompilerThread0" daemon [_thread_blocked, id=8740, stack(0x0000002ef7600000,0x0000002ef7700000)]
  0x000001f9a27a5000 JavaThread "Attach Listener" daemon [_thread_blocked, id=2000, stack(0x0000002ef7500000,0x0000002ef7600000)]
  0x000001f9a27a3800 JavaThread "Signal Dispatcher" daemon [_thread_blocked, id=6788, stack(0x0000002ef7400000,0x0000002ef7500000)]
  0x000001f9a277f800 JavaThread "Finalizer" daemon [_thread_blocked, id=9580, stack(0x0000002ef7300000,0x0000002ef7400000)]
  0x000001f9a2778000 JavaThread "Reference Handler" daemon [_thread_blocked, id=17496, stack(0x0000002ef7200000,0x0000002ef7300000)]
  0x000001f98c7ba000 JavaThread "main" [_thread_blocked, id=11224, stack(0x0000002ef6800000,0x0000002ef6900000)]

Other Threads:
  0x000001f9a274e000 VMThread [stack: 0x0000002ef7100000,0x0000002ef7200000] [id=17364]
  0x000001f9a4733800 WatcherThread [stack: 0x0000002ef7b00000,0x0000002ef7c00000] [id=6364]

VM state:not at safepoint (normal execution)

VM Mutex/Monitor currently owned by a thread: None

heap address: 0x0000000084a00000, size: 1974 MB, Compressed Oops mode: 32-bit
Narrow klass base: 0x0000000000000000, Narrow klass shift: 3
Compressed class space size: 1073741824 Address: 0x0000000100000000

Heap:
 PSYoungGen      total 605696K, used 115954K [0x00000000d6e00000, 0x0000000100000000, 0x0000000100000000)
  eden space 537600K, 19% used [0x00000000d6e00000,0x00000000dd4adfa8,0x00000000f7b00000)
  from space 68096K, 15% used [0x00000000f7b00000,0x00000000f858e9a8,0x00000000fbd80000)
  to   space 66048K, 0% used [0x00000000fbf80000,0x00000000fbf80000,0x0000000100000000)
 ParOldGen       total 122368K, used 86895K [0x0000000084a00000, 0x000000008c180000, 0x00000000d6e00000)
  object space 122368K, 71% used [0x0000000084a00000,0x0000000089edbd08,0x000000008c180000)
 Metaspace       used 28070K, capacity 29462K, committed 29616K, reserved 1075200K
  class space    used 3650K, capacity 3963K, committed 4016K, reserved 1048576K

Card table byte_map: [0x000001f99d4d0000,0x000001f99d8b0000] byte_map_base: 0x000001f99d0ab000

Marking Bits: (ParMarkBitMap*) 0x0000000076a87fe0
 Begin Bits: [0x000001f99db50000, 0x000001f99fa28000)
 End Bits:   [0x000001f99fa28000, 0x000001f9a1900000)

Polling page: 0x000001f98e0e0000

CodeCache: size=245760Kb used=7929Kb max_used=7929Kb free=237830Kb
 bounds [0x000001f98e110000, 0x000001f98e8e0000, 0x000001f99d110000]
 total_blobs=2848 nmethods=2364 adapters=395
 compilation: enabled

Compilation events (10 events):
Event: 31.608 Thread 0x000001f9a27b6800 2789       3       java.util.regex.Matcher::end (22 bytes)
Event: 31.609 Thread 0x000001f9a27b6800 nmethod 2789 0x000001f98e8d2a90 code [0x000001f98e8d2c00, 0x000001f98e8d2e50]
Event: 31.610 Thread 0x000001f9a27b6800 2790       3       java.lang.System::getProperty (25 bytes)
Event: 31.611 Thread 0x000001f9a27b6800 nmethod 2790 0x000001f98e8d5bd0 code [0x000001f98e8d5e00, 0x000001f98e8d68a0]
Event: 31.612 Thread 0x000001f9a27b6800 2791       3       java.util.regex.Pattern$1::isSatisfiedBy (13 bytes)
Event: 31.613 Thread 0x000001f9a27b6800 nmethod 2791 0x000001f98e8d2590 code [0x000001f98e8d2700, 0x000001f98e8d29b8]
Event: 31.613 Thread 0x000001f9a27b6800 2792       3       java.util.regex.Pattern::access$200 (7 bytes)
Event: 31.613 Thread 0x000001f9a27b6800 nmethod 2792 0x000001f98e8d6e90 code [0x000001f98e8d7000, 0x000001f98e8d7238]
Event: 31.614 Thread 0x000001f9a27b6800 2793       3       com.google.common.collect.AbstractMapEntry::<init> (5 bytes)
Event: 31.615 Thread 0x000001f9a27b6800 nmethod 2793 0x000001f98e8d72d0 code [0x000001f98e8d7420, 0x000001f98e8d75d8]

GC Heap History (10 events):
Event: 4.198 GC heap before
{Heap before GC invocations=13 (full 1):
 PSYoungGen      total 414720K, used 412235K [0x00000000d6e00000, 0x00000000fd500000, 0x0000000100000000)
  eden space 384000K, 100% used [0x00000000d6e00000,0x00000000ee500000,0x00000000ee500000)
  from space 30720K, 91% used [0x00000000ee500000,0x00000000f0092ee8,0x00000000f0300000)
  to   space 34304K, 0% used [0x00000000fb380000,0x00000000fb380000,0x00000000fd500000)
 ParOldGen       total 59904K, used 26556K [0x0000000084a00000, 0x0000000088480000, 0x00000000d6e00000)
  object space 59904K, 44% used [0x0000000084a00000,0x00000000863ef270,0x0000000088480000)
 Metaspace       used 20779K, capacity 21514K, committed 21808K, reserved 1069056K
  class space    used 2691K, capacity 2862K, committed 2864K, reserved 1048576K
Event: 4.217 GC heap after
Heap after GC invocations=13 (full 1):
 PSYoungGen      total 595456K, used 5040K [0x00000000d6e00000, 0x00000000fe200000, 0x0000000100000000)
  eden space 561152K, 0% used [0x00000000d6e00000,0x00000000d6e00000,0x00000000f9200000)
  from space 34304K, 14% used [0x00000000fb380000,0x00000000fb86c010,0x00000000fd500000)
  to   space 34304K, 0% used [0x00000000f9200000,0x00000000f9200000,0x00000000fb380000)
 ParOldGen       total 59904K, used 29632K [0x0000000084a00000, 0x0000000088480000, 0x00000000d6e00000)
  object space 59904K, 49% used [0x0000000084a00000,0x00000000866f02a0,0x0000000088480000)
 Metaspace       used 20779K, capacity 21514K, committed 21808K, reserved 1069056K
  class space    used 2691K, capacity 2862K, committed 2864K, reserved 1048576K
}
Event: 5.324 GC heap before
{Heap before GC invocations=14 (full 1):
 PSYoungGen      total 595456K, used 566192K [0x00000000d6e00000, 0x00000000fe200000, 0x0000000100000000)
  eden space 561152K, 100% used [0x00000000d6e00000,0x00000000f9200000,0x00000000f9200000)
  from space 34304K, 14% used [0x00000000fb380000,0x00000000fb86c010,0x00000000fd500000)
  to   space 34304K, 0% used [0x00000000f9200000,0x00000000f9200000,0x00000000fb380000)
 ParOldGen       total 59904K, used 29632K [0x0000000084a00000, 0x0000000088480000, 0x00000000d6e00000)
  object space 59904K, 49% used [0x0000000084a00000,0x00000000866f02a0,0x0000000088480000)
 Metaspace       used 21368K, capacity 22110K, committed 22448K, reserved 1069056K
  class space    used 2777K, capacity 2932K, committed 2992K, reserved 1048576K
Event: 5.994 GC heap after
Heap after GC invocations=14 (full 1):
 PSYoungGen      total 595456K, used 34295K [0x00000000d6e00000, 0x0000000100000000, 0x0000000100000000)
  eden space 561152K, 0% used [0x00000000d6e00000,0x00000000d6e00000,0x00000000f9200000)
  from space 34304K, 99% used [0x00000000f9200000,0x00000000fb37dfe0,0x00000000fb380000)
  to   space 50688K, 0% used [0x00000000fce80000,0x00000000fce80000,0x0000000100000000)
 ParOldGen       total 59904K, used 59457K [0x0000000084a00000, 0x0000000088480000, 0x00000000d6e00000)
  object space 59904K, 99% used [0x0000000084a00000,0x00000000884105f0,0x0000000088480000)
 Metaspace       used 21368K, capacity 22110K, committed 22448K, reserved 1069056K
  class space    used 2777K, capacity 2932K, committed 2992K, reserved 1048576K
}
Event: 5.994 GC heap before
{Heap before GC invocations=15 (full 2):
 PSYoungGen      total 595456K, used 34295K [0x00000000d6e00000, 0x0000000100000000, 0x0000000100000000)
  eden space 561152K, 0% used [0x00000000d6e00000,0x00000000d6e00000,0x00000000f9200000)
  from space 34304K, 99% used [0x00000000f9200000,0x00000000fb37dfe0,0x00000000fb380000)
  to   space 50688K, 0% used [0x00000000fce80000,0x00000000fce80000,0x0000000100000000)
 ParOldGen       total 59904K, used 59457K [0x0000000084a00000, 0x0000000088480000, 0x00000000d6e00000)
  object space 59904K, 99% used [0x0000000084a00000,0x00000000884105f0,0x0000000088480000)
 Metaspace       used 21368K, capacity 22110K, committed 22448K, reserved 1069056K
  class space    used 2777K, capacity 2932K, committed 2992K, reserved 1048576K
Event: 6.086 GC heap after
Heap after GC invocations=15 (full 2):
 PSYoungGen      total 595456K, used 14811K [0x00000000d6e00000, 0x0000000100000000, 0x0000000100000000)
  eden space 561152K, 0% used [0x00000000d6e00000,0x00000000d6e00000,0x00000000f9200000)
  from space 34304K, 43% used [0x00000000f9200000,0x00000000fa076db0,0x00000000fb380000)
  to   space 50688K, 0% used [0x00000000fce80000,0x00000000fce80000,0x0000000100000000)
 ParOldGen       total 122368K, used 59651K [0x0000000084a00000, 0x000000008c180000, 0x00000000d6e00000)
  object space 122368K, 48% used [0x0000000084a00000,0x0000000088440fb8,0x000000008c180000)
 Metaspace       used 21368K, capacity 22110K, committed 22448K, reserved 1069056K
  class space    used 2777K, capacity 2932K, committed 2992K, reserved 1048576K
}
Event: 8.071 GC heap before
{Heap before GC invocations=16 (full 2):
 PSYoungGen      total 595456K, used 575963K [0x00000000d6e00000, 0x0000000100000000, 0x0000000100000000)
  eden space 561152K, 100% used [0x00000000d6e00000,0x00000000f9200000,0x00000000f9200000)
  from space 34304K, 43% used [0x00000000f9200000,0x00000000fa076db0,0x00000000fb380000)
  to   space 50688K, 0% used [0x00000000fce80000,0x00000000fce80000,0x0000000100000000)
 ParOldGen       total 122368K, used 59651K [0x0000000084a00000, 0x000000008c180000, 0x00000000d6e00000)
  object space 122368K, 48% used [0x0000000084a00000,0x0000000088440fb8,0x000000008c180000)
 Metaspace       used 21382K, capacity 22116K, committed 22448K, reserved 1069056K
  class space    used 2777K, capacity 2933K, committed 2992K, reserved 1048576K
Event: 8.316 GC heap after
Heap after GC invocations=16 (full 2):
 PSYoungGen      total 588288K, used 50669K [0x00000000d6e00000, 0x0000000100000000, 0x0000000100000000)
  eden space 537600K, 0% used [0x00000000d6e00000,0x00000000d6e00000,0x00000000f7b00000)
  from space 50688K, 99% used [0x00000000fce80000,0x00000000ffffb750,0x0000000100000000)
  to   space 68096K, 0% used [0x00000000f7b00000,0x00000000f7b00000,0x00000000fbd80000)
 ParOldGen       total 122368K, used 82895K [0x0000000084a00000, 0x000000008c180000, 0x00000000d6e00000)
  object space 122368K, 67% used [0x0000000084a00000,0x0000000089af3cb8,0x000000008c180000)
 Metaspace       used 21382K, capacity 22116K, committed 22448K, reserved 1069056K
  class space    used 2777K, capacity 2933K, committed 2992K, reserved 1048576K
}
Event: 9.547 GC heap before
{Heap before GC invocations=17 (full 2):
 PSYoungGen      total 588288K, used 588269K [0x00000000d6e00000, 0x0000000100000000, 0x0000000100000000)
  eden space 537600K, 100% used [0x00000000d6e00000,0x00000000f7b00000,0x00000000f7b00000)
  from space 50688K, 99% used [0x00000000fce80000,0x00000000ffffb750,0x0000000100000000)
  to   space 68096K, 0% used [0x00000000f7b00000,0x00000000f7b00000,0x00000000fbd80000)
 ParOldGen       total 122368K, used 82895K [0x0000000084a00000, 0x000000008c180000, 0x00000000d6e00000)
  object space 122368K, 67% used [0x0000000084a00000,0x0000000089af3cb8,0x000000008c180000)
 Metaspace       used 21385K, capacity 22116K, committed 22448K, reserved 1069056K
  class space    used 2777K, capacity 2933K, committed 2992K, reserved 1048576K
Event: 9.650 GC heap after
Heap after GC invocations=17 (full 2):
 PSYoungGen      total 605696K, used 10810K [0x00000000d6e00000, 0x0000000100000000, 0x0000000100000000)
  eden space 537600K, 0% used [0x00000000d6e00000,0x00000000d6e00000,0x00000000f7b00000)
  from space 68096K, 15% used [0x00000000f7b00000,0x00000000f858e9a8,0x00000000fbd80000)
  to   space 66048K, 0% used [0x00000000fbf80000,0x00000000fbf80000,0x0000000100000000)
 ParOldGen       total 122368K, used 86895K [0x0000000084a00000, 0x000000008c180000, 0x00000000d6e00000)
  object space 122368K, 71% used [0x0000000084a00000,0x0000000089edbd08,0x000000008c180000)
 Metaspace       used 21385K, capacity 22116K, committed 22448K, reserved 1069056K
  class space    used 2777K, capacity 2933K, committed 2992K, reserved 1048576K
}

Deoptimization events (10 events):
Event: 30.423 Thread 0x000001f9a4789000 Uncommon trap: reason=class_check action=maybe_recompile pc=0x000001f98e6715c4 method=org.openqa.selenium.json.Input.init()V @ 18
Event: 30.423 Thread 0x000001f9a4789000 Uncommon trap: reason=class_check action=maybe_recompile pc=0x000001f98e6715c4 method=org.openqa.selenium.json.Input.init()V @ 18
Event: 30.448 Thread 0x000001f9a4789000 Uncommon trap: reason=unstable_if action=reinterpret pc=0x000001f98e721c60 method=java.util.concurrent.ConcurrentHashMap.putVal(Ljava/lang/Object;Ljava/lang/Object;Z)Ljava/lang/Object; @ 181
Event: 30.456 Thread 0x000001f9a4789000 Uncommon trap: reason=class_check action=maybe_recompile pc=0x000001f98e7e830c method=java.io.DataInputStream.readFully([BII)V @ 34
Event: 30.456 Thread 0x000001f9a4789000 Uncommon trap: reason=class_check action=maybe_recompile pc=0x000001f98e7e830c method=java.io.DataInputStream.readFully([BII)V @ 34
Event: 30.456 Thread 0x000001f9a4789000 Uncommon trap: reason=class_check action=maybe_recompile pc=0x000001f98e7e830c method=java.io.DataInputStream.readFully([BII)V @ 34
Event: 30.456 Thread 0x000001f9a4789000 Uncommon trap: reason=class_check action=maybe_recompile pc=0x000001f98e7e830c method=java.io.DataInputStream.readFully([BII)V @ 34
Event: 30.466 Thread 0x000001f9a4789000 Uncommon trap: reason=class_check action=maybe_recompile pc=0x000001f98e87cb4c method=java.lang.AbstractStringBuilder.append(Ljava/lang/CharSequence;)Ljava/lang/AbstractStringBuilder; @ 37
Event: 30.466 Thread 0x000001f9a4789000 Uncommon trap: reason=class_check action=maybe_recompile pc=0x000001f98e87cb4c method=java.lang.AbstractStringBuilder.append(Ljava/lang/CharSequence;)Ljava/lang/AbstractStringBuilder; @ 37
Event: 30.600 Thread 0x000001f9a4789000 Uncommon trap: reason=class_check action=maybe_recompile pc=0x000001f98e5aefd8 method=java.io.DataInputStream.readFully([BII)V @ 34

Classes redefined (0 events):
No events

Internal exceptions (10 events):
Event: 10.445 Thread 0x000001f9a4789000 Exception <a 'java/lang/ArrayIndexOutOfBoundsException'> (0x00000000db1432e0) thrown at [C:\jenkins\workspace\8-2-build-windows-amd64-cygwin\jdk8u291\1294\hotspot\src\share\vm\runtime\sharedRuntime.cpp, line 609]
Event: 10.445 Thread 0x000001f9a4789000 Exception <a 'java/lang/ArrayIndexOutOfBoundsException'> (0x00000000db144638) thrown at [C:\jenkins\workspace\8-2-build-windows-amd64-cygwin\jdk8u291\1294\hotspot\src\share\vm\runtime\sharedRuntime.cpp, line 609]
Event: 10.445 Thread 0x000001f9a4789000 Exception <a 'java/lang/ArrayIndexOutOfBoundsException'> (0x00000000db1458b0) thrown at [C:\jenkins\workspace\8-2-build-windows-amd64-cygwin\jdk8u291\1294\hotspot\src\share\vm\runtime\sharedRuntime.cpp, line 609]
Event: 10.445 Thread 0x000001f9a4789000 Exception <a 'java/lang/ArrayIndexOutOfBoundsException'> (0x00000000db14da80) thrown at [C:\jenkins\workspace\8-2-build-windows-amd64-cygwin\jdk8u291\1294\hotspot\src\share\vm\runtime\sharedRuntime.cpp, line 609]
Event: 10.446 Thread 0x000001f9a4789000 Exception <a 'java/lang/ArrayIndexOutOfBoundsException'> (0x00000000db155310) thrown at [C:\jenkins\workspace\8-2-build-windows-amd64-cygwin\jdk8u291\1294\hotspot\src\share\vm\runtime\sharedRuntime.cpp, line 609]
Event: 10.492 Thread 0x000001f9a4789000 Exception <a 'java/lang/NoSuchMethodError': java.lang.Object.lambda$chars$0()Ljava/util/Spliterator$OfInt;> (0x00000000db39dfd0) thrown at [C:\jenkins\workspace\8-2-build-windows-amd64-cygwin\jdk8u291\1294\hotspot\src\share\vm\interpreter\linkResolver.cpp
Event: 30.432 Thread 0x000001f9a4789000 Exception <a 'java/lang/NoSuchMethodError': java.lang.Object.lambda$getResponseFunction$0(Lorg/openqa/selenium/remote/InitialHandshakeResponse;)Lorg/openqa/selenium/remote/ProtocolHandshake$Result;> (0x00000000dbd141e0) thrown at [C:\jenkins\workspace\8-2
Event: 30.608 Thread 0x000001f9a4789000 Exception <a 'java/lang/NoSuchMethodError': java.lang.Object.lambda$static$0(Ljava/time/Duration;)V> (0x00000000dcf2b858) thrown at [C:\jenkins\workspace\8-2-build-windows-amd64-cygwin\jdk8u291\1294\hotspot\src\share\vm\interpreter\linkResolver.cpp, line 
Event: 30.634 Thread 0x000001f9a4789000 Exception <a 'java/net/SocketTimeoutException': Read timed out> (0x00000000dcf8ee58) thrown at [C:\jenkins\workspace\8-2-build-windows-amd64-cygwin\jdk8u291\1294\hotspot\src\share\vm\prims\jni.cpp, line 737]
Event: 31.624 Thread 0x000001f9a4789000 Exception <a 'java/net/SocketTimeoutException': Read timed out> (0x00000000dd04a880) thrown at [C:\jenkins\workspace\8-2-build-windows-amd64-cygwin\jdk8u291\1294\hotspot\src\share\vm\prims\jni.cpp, line 737]

Events (10 events):
Event: 31.606 loading class io/appium/java_client/internal/ElementMap
Event: 31.606 loading class io/appium/java_client/internal/ElementMap done
Event: 31.607 loading class org/openqa/selenium/interactions/Coordinates
Event: 31.607 loading class org/openqa/selenium/interactions/Coordinates done
Event: 31.609 loading class org/openqa/selenium/net/Urls
Event: 31.609 loading class org/openqa/selenium/net/Urls done
Event: 31.609 loading class java/net/URLEncoder
Event: 31.610 loading class java/net/URLEncoder done
Event: 31.610 loading class java/io/CharArrayWriter
Event: 31.611 loading class java/io/CharArrayWriter done


Dynamic libraries:
0x00007ff7b6420000 - 0x00007ff7b6467000 	C:\Program Files\Java\jdk1.8.0_291\jre\bin\java.exe
0x00007ffacead0000 - 0x00007ffacecc5000 	C:\WINDOWS\SYSTEM32\ntdll.dll
0x00007ffaccfd0000 - 0x00007ffacd08d000 	C:\WINDOWS\System32\KERNEL32.DLL
0x00007ffacc510000 - 0x00007ffacc7d8000 	C:\WINDOWS\System32\KERNELBASE.dll
0x00007ffacd4d0000 - 0x00007ffacd57c000 	C:\WINDOWS\System32\ADVAPI32.dll
0x00007fface580000 - 0x00007fface61e000 	C:\WINDOWS\System32\msvcrt.dll
0x00007ffacd820000 - 0x00007ffacd8bb000 	C:\WINDOWS\System32\sechost.dll
0x00007ffacd090000 - 0x00007ffacd1bb000 	C:\WINDOWS\System32\RPCRT4.dll
0x00007fface300000 - 0x00007fface4a0000 	C:\WINDOWS\System32\USER32.dll
0x00007ffacc7e0000 - 0x00007ffacc802000 	C:\WINDOWS\System32\win32u.dll
0x00007ffacd710000 - 0x00007ffacd73a000 	C:\WINDOWS\System32\GDI32.dll
0x00007ffacc400000 - 0x00007ffacc50b000 	C:\WINDOWS\System32\gdi32full.dll
0x00007ffaccaa0000 - 0x00007ffaccb3d000 	C:\WINDOWS\System32\msvcp_win.dll
0x00007ffacc950000 - 0x00007ffacca50000 	C:\WINDOWS\System32\ucrtbase.dll
0x00007ffab2660000 - 0x00007ffab28fa000 	C:\WINDOWS\WinSxS\amd64_microsoft.windows.common-controls_6595b64144ccf1df_6.0.19041.1052_none_60b8f8fd71f5e8cb\COMCTL32.dll
0x00007ffacd440000 - 0x00007ffacd470000 	C:\WINDOWS\System32\IMM32.DLL
0x00007ffac2ba0000 - 0x00007ffac2bb5000 	C:\Program Files\Java\jdk1.8.0_291\jre\bin\vcruntime140.dll
0x00007ffaa8c30000 - 0x00007ffaa8ccb000 	C:\Program Files\Java\jdk1.8.0_291\jre\bin\msvcp140.dll
0x00000000762a0000 - 0x0000000076b00000 	C:\Program Files\Java\jdk1.8.0_291\jre\bin\server\jvm.dll
0x00007fface4a0000 - 0x00007fface4a8000 	C:\WINDOWS\System32\PSAPI.DLL
0x00007ffabc060000 - 0x00007ffabc087000 	C:\WINDOWS\SYSTEM32\WINMM.dll
0x00007ffac2210000 - 0x00007ffac2219000 	C:\WINDOWS\SYSTEM32\WSOCK32.dll
0x00007ffab86b0000 - 0x00007ffab86ba000 	C:\WINDOWS\SYSTEM32\VERSION.dll
0x00007fface110000 - 0x00007fface17b000 	C:\WINDOWS\System32\WS2_32.dll
0x00007ffacaaa0000 - 0x00007ffacaab2000 	C:\WINDOWS\SYSTEM32\kernel.appcore.dll
0x00007ffac3300000 - 0x00007ffac3310000 	C:\Program Files\Java\jdk1.8.0_291\jre\bin\verify.dll
0x00007ffac21d0000 - 0x00007ffac21fb000 	C:\Program Files\Java\jdk1.8.0_291\jre\bin\java.dll
0x00007ffac2990000 - 0x00007ffac29a8000 	C:\Program Files\Java\jdk1.8.0_291\jre\bin\zip.dll
0x00007ffacd8e0000 - 0x00007fface01f000 	C:\WINDOWS\System32\SHELL32.dll
0x00007ffaca1f0000 - 0x00007ffaca980000 	C:\WINDOWS\SYSTEM32\windows.storage.dll
0x00007ffaccb40000 - 0x00007ffacce95000 	C:\WINDOWS\System32\combase.dll
0x00007ffacbbb0000 - 0x00007ffacbbdc000 	C:\WINDOWS\SYSTEM32\Wldp.dll
0x00007fface4d0000 - 0x00007fface57e000 	C:\WINDOWS\System32\SHCORE.dll
0x00007ffacd470000 - 0x00007ffacd4c5000 	C:\WINDOWS\System32\shlwapi.dll
0x00007ffacc150000 - 0x00007ffacc16f000 	C:\WINDOWS\SYSTEM32\profapi.dll
0x00007ffac21a0000 - 0x00007ffac21bc000 	C:\Program Files\Java\jdk1.8.0_291\jre\bin\net.dll
0x00007ffacb990000 - 0x00007ffacb9fa000 	C:\WINDOWS\system32\mswsock.dll
0x00007ffac2100000 - 0x00007ffac2113000 	C:\Program Files\Java\jdk1.8.0_291\jre\bin\nio.dll
0x00007ffacbbf0000 - 0x00007ffacbc08000 	C:\WINDOWS\SYSTEM32\CRYPTSP.dll
0x00007ffacb2e0000 - 0x00007ffacb314000 	C:\WINDOWS\system32\rsaenh.dll
0x00007ffacc210000 - 0x00007ffacc237000 	C:\WINDOWS\System32\bcrypt.dll
0x00007ffacc110000 - 0x00007ffacc13e000 	C:\WINDOWS\SYSTEM32\USERENV.dll
0x00007ffacc8c0000 - 0x00007ffacc943000 	C:\WINDOWS\System32\bcryptprimitives.dll
0x00007ffacbb10000 - 0x00007ffacbb1c000 	C:\WINDOWS\SYSTEM32\CRYPTBASE.dll
0x00007ffacb650000 - 0x00007ffacb68b000 	C:\WINDOWS\SYSTEM32\IPHLPAPI.DLL
0x00007ffacd8c0000 - 0x00007ffacd8c8000 	C:\WINDOWS\System32\NSI.dll
0x00007ffac1cc0000 - 0x00007ffac1cd7000 	C:\WINDOWS\SYSTEM32\dhcpcsvc6.DLL
0x00007ffac1f60000 - 0x00007ffac1f7d000 	C:\WINDOWS\SYSTEM32\dhcpcsvc.DLL
0x00007ffacb6a0000 - 0x00007ffacb76c000 	C:\WINDOWS\SYSTEM32\DNSAPI.dll
0x00007ffac21c0000 - 0x00007ffac21cd000 	C:\Program Files\Java\jdk1.8.0_291\jre\bin\management.dll
0x00007ffab1100000 - 0x00007ffab1117000 	C:\WINDOWS\system32\napinsp.dll
0x00007ffaa8280000 - 0x00007ffaa829b000 	C:\WINDOWS\system32\pnrpnsp.dll
0x00007ffac3580000 - 0x00007ffac3595000 	C:\WINDOWS\system32\wshbth.dll
0x00007ffac3440000 - 0x00007ffac345d000 	C:\WINDOWS\system32\NLAapi.dll
0x00007ffaa6eb0000 - 0x00007ffaa6ec2000 	C:\WINDOWS\System32\winrnr.dll
0x00007ffac1c80000 - 0x00007ffac1c8a000 	C:\Windows\System32\rasadhlp.dll
0x00007ffac1380000 - 0x00007ffac13ff000 	C:\WINDOWS\System32\fwpuclnt.dll
0x00007ffac0c40000 - 0x00007ffac0c64000 	C:\Program Files\Java\jdk1.8.0_291\jre\bin\sunec.dll
0x00007ffac2020000 - 0x00007ffac202d000 	C:\Program Files\Java\jdk1.8.0_291\jre\bin\sunmscapi.dll
0x00007ffacc2a0000 - 0x00007ffacc3ff000 	C:\WINDOWS\System32\CRYPT32.dll
0x00007ffacbcf0000 - 0x00007ffacbd17000 	C:\WINDOWS\SYSTEM32\ncrypt.dll
0x00007ffacbcb0000 - 0x00007ffacbceb000 	C:\WINDOWS\SYSTEM32\NTASN1.dll

VM Arguments:
jvm_args: -Dfile.encoding=UTF-8 
java_command: com.thoughtworks.gauge.GaugeRuntime --start
java_class_path (initial): C:\Program Files\Java\jdk1.8.0_291\jre\lib\charsets.jar;C:\Program Files\Java\jdk1.8.0_291\jre\lib\deploy.jar;C:\Program Files\Java\jdk1.8.0_291\jre\lib\ext\access-bridge-64.jar;C:\Program Files\Java\jdk1.8.0_291\jre\lib\ext\cldrdata.jar;C:\Program Files\Java\jdk1.8.0_291\jre\lib\ext\dnsns.jar;C:\Program Files\Java\jdk1.8.0_291\jre\lib\ext\jaccess.jar;C:\Program Files\Java\jdk1.8.0_291\jre\lib\ext\jfxrt.jar;C:\Program Files\Java\jdk1.8.0_291\jre\lib\ext\localedata.jar;C:\Program Files\Java\jdk1.8.0_291\jre\lib\ext\nashorn.jar;C:\Program Files\Java\jdk1.8.0_291\jre\lib\ext\sunec.jar;C:\Program Files\Java\jdk1.8.0_291\jre\lib\ext\sunjce_provider.jar;C:\Program Files\Java\jdk1.8.0_291\jre\lib\ext\sunmscapi.jar;C:\Program Files\Java\jdk1.8.0_291\jre\lib\ext\sunpkcs11.jar;C:\Program Files\Java\jdk1.8.0_291\jre\lib\ext\zipfs.jar;C:\Program Files\Java\jdk1.8.0_291\jre\lib\javaws.jar;C:\Program Files\Java\jdk1.8.0_291\jre\lib\jce.jar;C:\Program Files\Java\jdk1.8.0_291\jre\lib\jfr.jar;C:\Program Files\Java\jdk1.8.0_291\jre\lib\jfxswt.jar;C:\Program Files\Java\jdk1.8.0_291\jre\lib\jsse.jar;C:\Program Files\Java\jdk1.8.0_291\jre\lib\management-agent.jar;C:\Program Files\Java\jdk1.8.0_291\jre\lib\plugin.jar;C:\Program Files\Java\jdk1.8.0_291\jre\lib\resources.jar;C:\Program Files\Java\jdk1.8.0_291\jre\lib\rt.jar;C:\Users\testinium\IdeaProjects\AtmOdev\THY\target\test-classes;C:\Users\testinium\.m2\repository\com\thoughtworks\gauge\gauge-java\0.7.15\gauge-java-0.7.15.jar;C:\Users\testinium\.m2\repository\org\assertj\assertj-core\3.19.0\assertj-core-3.19.0.jar;C:\Users\testinium\.m2\repository\org\reflections\reflections\0.9.9\reflections-0.9.9.jar;C:\Users\testinium\.m2\repository\org\javassist\javassist\3.18.2-GA\javassist-3.18.2-GA.jar;C:\Users\testinium\.m2\repository\com\google\code\findbugs\annotations\2.0.1\annotations-2.0.1.jar;C:\Users\testinium\.m2\repository\com\github\javaparser\javaparser-core\3.16.3\javaparser-core-3.16.3.jar;C:\Users\te
Launcher Type: SUN_STANDARD

Environment Variables:
JAVA_HOME=C:\Program Files\Java\jdk1.8.0_291
PATH=C:\Program Files (x86)\Common Files\Oracle\Java\javapath;C:\Windows\system32;C:\Windows;C:\Windows\System32\Wbem;C:\Windows\System32\WindowsPowerShell\v1.0\;C:\Program Files\Java\jdk1.8.0_291;C:\Program Files\NVIDIA Corporation\NVIDIA NvDLISR;C:\WINDOWS\system32;C:\WINDOWS;C:\WINDOWS\System32\Wbem;C:\WINDOWS\System32\WindowsPowerShell\v1.0\;C:\WINDOWS\System32\OpenSSH\;C:\Program Files\nodejs\;C:\Program Files\Java\jdk1.8.0_291\bin;C:\Program Files\Maven\apache-maven-3.6.3\bin;C:\Program Files\Gauge\bin;C:\Users\testinium\AppData\Local\Android\Sdk\tools;C:\Users\testinium\AppData\Local\Android\Sdk\platform-tools;C:\Users\testinium\AppData\Local\Android\Sdk\build-tools;C:\Users\testinium\AppData\Local\Microsoft\WindowsApps;C:\Users\testinium\AppData\Roaming\npm;C:\Users\testinium\AppData\Roaming\gauge\plugins\screenshot\0.0.1
USERNAME=testinium
OS=Windows_NT
PROCESSOR_IDENTIFIER=Intel64 Family 6 Model 140 Stepping 1, GenuineIntel



---------------  S Y S T E M  ---------------

OS: Windows 10.0 , 64 bit Build 19041 (10.0.19041.1023)

CPU:total 8 (initial active 8) (4 cores per cpu, 2 threads per core) family 6 model 140 stepping 1, cmov, cx8, fxsr, mmx, sse, sse2, sse3, ssse3, sse4.1, sse4.2, popcnt, avx, avx2, aes, clmul, erms, 3dnowpref, lzcnt, ht, tsc, tscinvbit, bmi1, bmi2, adx

Memory: 4k page, physical 8083572k(293456k free), swap 33249396k(320k free)

vm_info: Java HotSpot(TM) 64-Bit Server VM (25.291-b10) for windows-amd64 JRE (1.8.0_291-b10), built on Apr  9 2021 00:02:00 by "java_re" with MS VC++ 15.9 (VS2017)

time: Thu Jul  1 23:00:24 2021
timezone: Türkiye Standart Saati
elapsed time: 31.637927 seconds (0d 0h 0m 31s)

